{
  "RSpec": {
    "coverage": {
      "/Users/sreejiths/projects/iterable_functionality/spec/controllers/events_controller_spec.rb": {
        "lines": [
          1,
          1,
          null,
          1,
          null,
          4,
          null,
          1,
          3,
          3,
          null,
          null,
          null,
          1,
          1,
          1,
          1,
          1,
          1,
          null,
          null,
          null,
          1,
          1,
          1,
          null,
          1,
          1,
          1,
          1,
          1,
          1,
          1,
          1,
          null,
          null,
          null,
          1,
          1,
          1,
          null,
          1,
          1,
          1,
          1,
          1,
          1,
          1,
          1,
          null,
          null,
          null,
          null
        ]
      },
      "/Users/sreejiths/projects/iterable_functionality/spec/rails_helper.rb": {
        "lines": [
          null,
          1,
          1,
          1,
          1,
          null,
          1,
          1,
          null,
          null,
          null,
          null,
          null,
          null,
          null,
          null,
          null,
          null,
          null,
          null,
          null,
          null,
          null,
          null,
          null,
          null,
          null,
          null,
          1,
          null,
          0,
          0,
          null,
          1,
          null,
          1,
          1,
          1,
          null,
          null,
          null,
          null,
          1,
          null,
          null,
          null,
          null,
          null,
          null,
          null,
          null,
          null,
          null,
          null,
          null,
          null,
          null,
          null,
          null,
          null,
          null,
          null,
          null,
          1,
          null,
          null,
          null,
          null,
          1,
          1,
          1,
          null
        ]
      },
      "/Users/sreejiths/projects/iterable_functionality/config/environment.rb": {
        "lines": [
          null,
          1,
          null,
          null,
          1
        ]
      },
      "/Users/sreejiths/projects/iterable_functionality/config/application.rb": {
        "lines": [
          1,
          null,
          1,
          null,
          null,
          null,
          1,
          null,
          1,
          1,
          null,
          1,
          null,
          null,
          null,
          null,
          1,
          null,
          null,
          null,
          null,
          null,
          null,
          null,
          null,
          null,
          null
        ]
      },
      "/Users/sreejiths/projects/iterable_functionality/config/boot.rb": {
        "lines": [
          1,
          null,
          1,
          1
        ]
      },
      "/Users/sreejiths/projects/iterable_functionality/config/environments/test.rb": {
        "lines": [
          1,
          null,
          null,
          null,
          null,
          null,
          null,
          1,
          null,
          null,
          null,
          1,
          null,
          null,
          null,
          null,
          null,
          1,
          null,
          null,
          1,
          1,
          null,
          null,
          null,
          null,
          1,
          1,
          1,
          null,
          null,
          1,
          null,
          null,
          1,
          null,
          null,
          1,
          null,
          1,
          null,
          null,
          null,
          null,
          1,
          null,
          null,
          1,
          null,
          null,
          1,
          null,
          null,
          1,
          null,
          null,
          null,
          null,
          null,
          null,
          null,
          null,
          1,
          null
        ]
      },
      "/Users/sreejiths/projects/iterable_functionality/config/initializers/assets.rb": {
        "lines": [
          null,
          null,
          null,
          1,
          null,
          null,
          null,
          null,
          null,
          null,
          null,
          null
        ]
      },
      "/Users/sreejiths/projects/iterable_functionality/config/initializers/content_security_policy.rb": {
        "lines": [
          null,
          null,
          null,
          null,
          null,
          null,
          null,
          null,
          null,
          null,
          null,
          null,
          null,
          null,
          null,
          null,
          null,
          null,
          null,
          null,
          null,
          null,
          null,
          null,
          null
        ]
      },
      "/Users/sreejiths/projects/iterable_functionality/config/initializers/devise.rb": {
        "lines": [
          null,
          null,
          null,
          null,
          null,
          null,
          null,
          null,
          null,
          null,
          1,
          null,
          null,
          null,
          null,
          null,
          null,
          null,
          null,
          null,
          null,
          null,
          null,
          null,
          null,
          null,
          1,
          null,
          null,
          null,
          null,
          null,
          null,
          null,
          null,
          null,
          null,
          null,
          1,
          null,
          null,
          null,
          null,
          null,
          null,
          null,
          null,
          null,
          null,
          null,
          null,
          null,
          null,
          null,
          null,
          null,
          null,
          null,
          null,
          null,
          1,
          null,
          null,
          null,
          null,
          1,
          null,
          null,
          null,
          null,
          null,
          null,
          null,
          null,
          null,
          null,
          null,
          null,
          null,
          null,
          null,
          null,
          null,
          null,
          null,
          null,
          null,
          null,
          null,
          null,
          null,
          null,
          null,
          null,
          null,
          null,
          null,
          null,
          null,
          1,
          null,
          null,
          null,
          null,
          null,
          null,
          null,
          null,
          null,
          null,
          null,
          null,
          null,
          null,
          null,
          null,
          null,
          null,
          null,
          null,
          null,
          null,
          null,
          null,
          null,
          1,
          null,
          null,
          null,
          null,
          null,
          null,
          null,
          null,
          null,
          null,
          null,
          null,
          null,
          null,
          null,
          null,
          null,
          null,
          null,
          null,
          null,
          null,
          null,
          null,
          null,
          null,
          null,
          null,
          null,
          null,
          null,
          null,
          null,
          1,
          null,
          null,
          null,
          null,
          null,
          null,
          null,
          null,
          null,
          1,
          null,
          null,
          null,
          null,
          null,
          null,
          null,
          null,
          null,
          null,
          1,
          null,
          null,
          null,
          null,
          1,
          null,
          null,
          null,
          null,
          null,
          null,
          null,
          null,
          null,
          null,
          null,
          null,
          null,
          null,
          null,
          null,
          null,
          null,
          null,
          null,
          null,
          null,
          null,
          null,
          null,
          null,
          null,
          null,
          null,
          null,
          null,
          null,
          null,
          null,
          null,
          null,
          null,
          null,
          null,
          null,
          1,
          null,
          null,
          null,
          null,
          null,
          null,
          null,
          null,
          null,
          null,
          null,
          null,
          null,
          null,
          null,
          null,
          null,
          null,
          null,
          null,
          null,
          null,
          null,
          null,
          null,
          null,
          null,
          null,
          null,
          null,
          null,
          null,
          null,
          null,
          null,
          null,
          null,
          null,
          1,
          null,
          null,
          1,
          null,
          null,
          null,
          null,
          null,
          null,
          null,
          null,
          null,
          null,
          null,
          null,
          null,
          null,
          null,
          null,
          null,
          null,
          null,
          null,
          null,
          null,
          null,
          null,
          null,
          null,
          null,
          null,
          null,
          null,
          null,
          null,
          null,
          null,
          null,
          1,
          1,
          null,
          null,
          null,
          null,
          null,
          null,
          null
        ]
      },
      "/Users/sreejiths/projects/iterable_functionality/config/initializers/filter_parameter_logging.rb": {
        "lines": [
          null,
          null,
          null,
          null,
          null,
          1,
          null,
          null
        ]
      },
      "/Users/sreejiths/projects/iterable_functionality/config/initializers/inflections.rb": {
        "lines": [
          null,
          null,
          null,
          null,
          null,
          null,
          null,
          null,
          null,
          null,
          null,
          null,
          null,
          null,
          null,
          null
        ]
      },
      "/Users/sreejiths/projects/iterable_functionality/config/initializers/permissions_policy.rb": {
        "lines": [
          null,
          null,
          null,
          null,
          null,
          null,
          null,
          null,
          null,
          null,
          null,
          null,
          null
        ]
      },
      "/Users/sreejiths/projects/iterable_functionality/spec/factories/event_tracker.rb": {
        "lines": [
          1,
          1,
          6,
          6,
          6,
          6,
          1,
          2,
          null,
          1,
          2,
          null,
          null,
          null
        ]
      },
      "/Users/sreejiths/projects/iterable_functionality/spec/factories/user.rb": {
        "lines": [
          1,
          1,
          7,
          7,
          7,
          null,
          null
        ]
      },
      "/Users/sreejiths/projects/iterable_functionality/config/routes.rb": {
        "lines": [
          1,
          1,
          null,
          1,
          null,
          1,
          1,
          1,
          null,
          null,
          1,
          null,
          null,
          null,
          null
        ]
      },
      "/Users/sreejiths/projects/iterable_functionality/app/models/user.rb": {
        "lines": [
          1,
          null,
          null,
          1,
          null,
          null,
          1,
          null
        ]
      },
      "/Users/sreejiths/projects/iterable_functionality/app/models/application_record.rb": {
        "lines": [
          1,
          1,
          null
        ]
      },
      "/Users/sreejiths/projects/iterable_functionality/app/helpers/application_helper.rb": {
        "lines": [
          1,
          null
        ]
      },
      "/Users/sreejiths/projects/iterable_functionality/app/helpers/events_helper.rb": {
        "lines": [
          1,
          null
        ]
      },
      "/Users/sreejiths/projects/iterable_functionality/app/helpers/home_helper.rb": {
        "lines": [
          1,
          null
        ]
      },
      "/Users/sreejiths/projects/iterable_functionality/app/controllers/events_controller.rb": {
        "lines": [
          1,
          1,
          1,
          null,
          null,
          1,
          1,
          1,
          1,
          2,
          null,
          null,
          null,
          null,
          null,
          1,
          1,
          1,
          1,
          2,
          null,
          null,
          null,
          null
        ]
      },
      "/Users/sreejiths/projects/iterable_functionality/app/controllers/application_controller.rb": {
        "lines": [
          1,
          null
        ]
      },
      "/Users/sreejiths/projects/iterable_functionality/spec/models/event_tracker_spec.rb": {
        "lines": [
          1,
          null,
          1,
          1,
          1,
          1,
          1,
          null,
          1,
          1,
          1,
          null,
          1,
          null,
          null,
          null,
          1,
          1,
          1,
          null,
          1,
          1,
          1,
          null,
          1,
          null,
          null,
          null,
          null,
          1,
          1,
          1,
          null,
          1,
          1,
          1,
          1,
          null,
          1,
          null,
          null,
          null,
          null,
          null
        ]
      },
      "/Users/sreejiths/projects/iterable_functionality/app/models/event_tracker.rb": {
        "lines": [
          1,
          1,
          1,
          null,
          1,
          null,
          1,
          7,
          7,
          4,
          null,
          3,
          null,
          null,
          7,
          null,
          null
        ]
      },
      "/Users/sreejiths/projects/iterable_functionality/spec/requests/event_trackers_spec.rb": {
        "lines": [
          1,
          null,
          1,
          7,
          5,
          null,
          1,
          6,
          6,
          null,
          null,
          1,
          1,
          1,
          null,
          1,
          null,
          1,
          1,
          null,
          null,
          1,
          1,
          null,
          1,
          null,
          1,
          1,
          null,
          null,
          null,
          1,
          1,
          1,
          null,
          1,
          null,
          1,
          1,
          null,
          null,
          1,
          1,
          null,
          1,
          null,
          1,
          1,
          null,
          null,
          null,
          1,
          3,
          null,
          1,
          1,
          1,
          1,
          1,
          null,
          1,
          null,
          1,
          null,
          1,
          null,
          null,
          null,
          null,
          null,
          null,
          1,
          null,
          null,
          1,
          1,
          1,
          1,
          null,
          1,
          null,
          2,
          null,
          null,
          null
        ]
      },
      "/Users/sreejiths/projects/iterable_functionality/app/services/iterable_service.rb": {
        "lines": [
          1,
          null,
          1,
          null,
          1,
          13,
          null,
          null,
          1,
          6,
          null,
          null,
          null,
          null,
          null,
          null,
          6,
          1,
          null,
          2,
          null,
          null,
          1,
          5,
          null,
          null,
          null,
          null,
          null,
          null,
          5,
          1,
          null,
          2,
          null,
          null,
          1,
          null,
          9,
          9,
          9,
          4,
          0,
          null,
          null,
          null,
          9,
          null,
          9,
          null,
          null
        ]
      }
    },
    "timestamp": 1707907018
  }
}
